============================================================
STARTING MLE-BENCH LITE EVALUATION
Timestamp: 2025-12-01 03:19:59
Datasets: 4
Seeds per dataset: 3
============================================================


>>> PROCESSING DATASET: text-normalization-challenge-english-language
    Threshold: 0.9855 (max)

--- Running Seed 42 ---
[INFO] Initialized new run. Logs and outputs will be saved to:
       -> /teamspace/studios/this_studio/melvin/runs/2025-12-01_03-19-59_text-normalization-challenge-english-language
[INFO] Using dataset directory:
       -> /home/zeus/.cache/mle-bench/data/text-normalization-challenge-english-language
[INFO] Prepared data already exists. Skipping prepare step.
[INFO] Training script generated.
[INFO] Running training script...
Traceback (most recent call last):
  File "/teamspace/studios/this_studio/melvin/runs/2025-12-01_03-19-59_text-normalization-challenge-english-language/generated_train_script.py", line 6, in <module>
    from transformers import T5ForConditionalGeneration, T5Tokenizer, AdamW
ImportError: cannot import name 'AdamW' from 'transformers' (/teamspace/studios/this_studio/melvin/.venv/lib/python3.12/site-packages/transformers/__init__.py)

[WARN] Process crashed with exit code 1
[WARN] Code Execution Failed. Attempting AI Repair (Attempt 1)...
[INFO] Applied AI Fix. Retrying...
Traceback (most recent call last):
  File "/teamspace/studios/this_studio/melvin/runs/2025-12-01_03-19-59_text-normalization-challenge-english-language/generated_train_script.py", line 7, in <module>
    from transformers.optimization import AdamW # Corrected import for AdamW
    ^^^^^^^^^^^^^^^^^^^^^^^^^^^^^^^^^^^^^^^^^^^
ImportError: cannot import name 'AdamW' from 'transformers.optimization' (/teamspace/studios/this_studio/melvin/.venv/lib/python3.12/site-packages/transformers/optimization.py)

[WARN] Process crashed with exit code 1
[WARN] Code Execution Failed. Attempting AI Repair (Attempt 2)...
[INFO] Applied AI Fix. Retrying...
Using device: cuda
Loading and preprocessing data...
Extracting /home/zeus/.cache/mle-bench/data/text-normalization-challenge-english-language/prepared/public/en_train.csv.zip...
Extracting /home/zeus/.cache/mle-bench/data/text-normalization-challenge-english-language/prepared/public/en_test_2.csv.zip...
Extracting /home/zeus/.cache/mle-bench/data/text-normalization-challenge-english-language/prepared/public/en_sample_submission_2.csv.zip...
Original training data size: 8924976
Subsampled training data size: 446249
You are using the default legacy behaviour of the <class 'transformers.models.t5.tokenization_t5.T5Tokenizer'>. This is expected, and simply means that the `legacy` (previous) behavior will be used so nothing changes for you. If you want to use the new behaviour, set `legacy=False`. This should only be set if you understand what it means, and thoroughly read the reason why this was added as explained in https://github.com/huggingface/transformers/pull/24565
Number of training batches: 3487
Number of test batches: 7762
Initializing model...
Starting training...
/teamspace/studios/this_studio/melvin/runs/2025-12-01_03-19-59_text-normalization-challenge-english-language/generated_train_script.py:154: FutureWarning: `torch.cuda.amp.GradScaler(args...)` is deprecated. Please use `torch.amp.GradScaler('cuda', args...)` instead.
  scaler = GradScaler() # For mixed precision training (FP16)
Cleaned up temporary directory: temp_data
Traceback (most recent call last):
  File "/teamspace/studios/this_studio/melvin/runs/2025-12-01_03-19-59_text-normalization-challenge-english-language/generated_train_script.py", line 161, in <module>
    for batch_idx, batch in enumerate(train_loader):
                            ^^^^^^^^^^^^^^^^^^^^^^^
  File "/teamspace/studios/this_studio/melvin/.venv/lib/python3.12/site-packages/torch/utils/data/dataloader.py", line 732, in __next__
    data = self._next_data()
           ^^^^^^^^^^^^^^^^^
  File "/teamspace/studios/this_studio/melvin/.venv/lib/python3.12/site-packages/torch/utils/data/dataloader.py", line 1506, in _next_data
    return self._process_data(data, worker_id)
           ^^^^^^^^^^^^^^^^^^^^^^^^^^^^^^^^^^^
  File "/teamspace/studios/this_studio/melvin/.venv/lib/python3.12/site-packages/torch/utils/data/dataloader.py", line 1541, in _process_data
    data.reraise()
  File "/teamspace/studios/this_studio/melvin/.venv/lib/python3.12/site-packages/torch/_utils.py", line 769, in reraise
    raise exception
KeyError: Caught KeyError in DataLoader worker process 0.
Original Traceback (most recent call last):
  File "/teamspace/studios/this_studio/melvin/.venv/lib/python3.12/site-packages/pandas/core/indexes/base.py", line 3812, in get_loc
    return self._engine.get_loc(casted_key)
           ^^^^^^^^^^^^^^^^^^^^^^^^^^^^^^^^
  File "pandas/_libs/index.pyx", line 167, in pandas._libs.index.IndexEngine.get_loc
  File "pandas/_libs/index.pyx", line 196, in pandas._libs.index.IndexEngine.get_loc
  File "pandas/_libs/hashtable_class_helper.pxi", line 7088, in pandas._libs.hashtable.PyObjectHashTable.get_item
  File "pandas/_libs/hashtable_class_helper.pxi", line 7096, in pandas._libs.hashtable.PyObjectHashTable.get_item
KeyError: 'id'

The above exception was the direct cause of the following exception:

Traceback (most recent call last):
  File "/teamspace/studios/this_studio/melvin/.venv/lib/python3.12/site-packages/torch/utils/data/_utils/worker.py", line 349, in _worker_loop
    data = fetcher.fetch(index)  # type: ignore[possibly-undefined]
           ^^^^^^^^^^^^^^^^^^^^
  File "/teamspace/studios/this_studio/melvin/.venv/lib/python3.12/site-packages/torch/utils/data/_utils/fetch.py", line 52, in fetch
    data = [self.dataset[idx] for idx in possibly_batched_index]
            ~~~~~~~~~~~~^^^^^
  File "/teamspace/studios/this_studio/melvin/runs/2025-12-01_03-19-59_text-normalization-challenge-english-language/generated_train_script.py", line 100, in __getitem__
    "id": row["id"] # Keep original ID for submission
          ~~~^^^^^^
  File "/teamspace/studios/this_studio/melvin/.venv/lib/python3.12/site-packages/pandas/core/series.py", line 1133, in __getitem__
    return self._get_value(key)
           ^^^^^^^^^^^^^^^^^^^^
  File "/teamspace/studios/this_studio/melvin/.venv/lib/python3.12/site-packages/pandas/core/series.py", line 1249, in _get_value
    loc = self.index.get_loc(label)
          ^^^^^^^^^^^^^^^^^^^^^^^^^
  File "/teamspace/studios/this_studio/melvin/.venv/lib/python3.12/site-packages/pandas/core/indexes/base.py", line 3819, in get_loc
    raise KeyError(key) from err
KeyError: 'id'


[WARN] Process crashed with exit code 1
[WARN] Code Execution Failed. Attempting AI Repair (Attempt 3)...
[INFO] Applied AI Fix. Retrying...
Using device: cuda
Loading and preprocessing data...
Extracting /home/zeus/.cache/mle-bench/data/text-normalization-challenge-english-language/prepared/public/en_train.csv.zip...
Extracting /home/zeus/.cache/mle-bench/data/text-normalization-challenge-english-language/prepared/public/en_test_2.csv.zip...
Extracting /home/zeus/.cache/mle-bench/data/text-normalization-challenge-english-language/prepared/public/en_sample_submission_2.csv.zip...
Original training data size: 8924976
Subsampled training data size: 446249
You are using the default legacy behaviour of the <class 'transformers.models.t5.tokenization_t5.T5Tokenizer'>. This is expected, and simply means that the `legacy` (previous) behavior will be used so nothing changes for you. If you want to use the new behaviour, set `legacy=False`. This should only be set if you understand what it means, and thoroughly read the reason why this was added as explained in https://github.com/huggingface/transformers/pull/24565
Number of training batches: 3487
Number of test batches: 7762
Initializing model...
Starting training...
/teamspace/studios/this_studio/melvin/runs/2025-12-01_03-19-59_text-normalization-challenge-english-language/generated_train_script.py:157: FutureWarning: `torch.cuda.amp.GradScaler(args...)` is deprecated. Please use `torch.amp.GradScaler('cuda', args...)` instead.
  scaler = GradScaler() # For mixed precision training (FP16)
/teamspace/studios/this_studio/melvin/runs/2025-12-01_03-19-59_text-normalization-challenge-english-language/generated_train_script.py:177: FutureWarning: `torch.cuda.amp.autocast(args...)` is deprecated. Please use `torch.amp.autocast('cuda', args...)` instead.
  with autocast(): # Enable mixed precision
Epoch 1/1, Batch 100/3487, Loss: 0.5185
Epoch 1/1, Batch 200/3487, Loss: 0.2379
Epoch 1/1, Batch 300/3487, Loss: 0.4346
Epoch 1/1, Batch 400/3487, Loss: 0.1623
Epoch 1/1, Batch 500/3487, Loss: 0.5113
Epoch 1/1, Batch 600/3487, Loss: 0.0708
Epoch 1/1, Batch 700/3487, Loss: 0.1575
Epoch 1/1, Batch 800/3487, Loss: 0.1445
Epoch 1/1, Batch 900/3487, Loss: 0.0723
Epoch 1/1, Batch 1000/3487, Loss: 0.1718
Epoch 1/1, Batch 1100/3487, Loss: 0.0659
Epoch 1/1, Batch 1200/3487, Loss: 0.1348
Epoch 1/1, Batch 1300/3487, Loss: 0.0954
Epoch 1/1, Batch 1400/3487, Loss: 0.0538
Epoch 1/1, Batch 1500/3487, Loss: 0.1411
Epoch 1/1, Batch 1600/3487, Loss: 0.1276
Epoch 1/1, Batch 1700/3487, Loss: 0.5676
Epoch 1/1, Batch 1800/3487, Loss: 0.0309
Epoch 1/1, Batch 1900/3487, Loss: 0.1629
Epoch 1/1, Batch 2000/3487, Loss: 0.0685
Max steps reached (2000), stopping training for this epoch.
Epoch 1 finished. Average Training Loss: 0.1805
Generating predictions for submission...
Cleaned up temporary directory: temp_data
Traceback (most recent call last):
  File "/teamspace/studios/this_studio/melvin/runs/2025-12-01_03-19-59_text-normalization-challenge-english-language/generated_train_script.py", line 204, in <module>
    for batch_idx, batch in enumerate(test_loader):
                            ^^^^^^^^^^^^^^^^^^^^^^
  File "/teamspace/studios/this_studio/melvin/.venv/lib/python3.12/site-packages/torch/utils/data/dataloader.py", line 732, in __next__
    data = self._next_data()
           ^^^^^^^^^^^^^^^^^
  File "/teamspace/studios/this_studio/melvin/.venv/lib/python3.12/site-packages/torch/utils/data/dataloader.py", line 1506, in _next_data
    return self._process_data(data, worker_id)
           ^^^^^^^^^^^^^^^^^^^^^^^^^^^^^^^^^^^
  File "/teamspace/studios/this_studio/melvin/.venv/lib/python3.12/site-packages/torch/utils/data/dataloader.py", line 1541, in _process_data
    data.reraise()
  File "/teamspace/studios/this_studio/melvin/.venv/lib/python3.12/site-packages/torch/_utils.py", line 769, in reraise
    raise exception
KeyError: Caught KeyError in DataLoader worker process 0.
Original Traceback (most recent call last):
  File "/teamspace/studios/this_studio/melvin/.venv/lib/python3.12/site-packages/pandas/core/indexes/base.py", line 3812, in get_loc
    return self._engine.get_loc(casted_key)
           ^^^^^^^^^^^^^^^^^^^^^^^^^^^^^^^^
  File "pandas/_libs/index.pyx", line 167, in pandas._libs.index.IndexEngine.get_loc
  File "pandas/_libs/index.pyx", line 196, in pandas._libs.index.IndexEngine.get_loc
  File "pandas/_libs/hashtable_class_helper.pxi", line 7088, in pandas._libs.hashtable.PyObjectHashTable.get_item
  File "pandas/_libs/hashtable_class_helper.pxi", line 7096, in pandas._libs.hashtable.PyObjectHashTable.get_item
KeyError: 'id'

The above exception was the direct cause of the following exception:

Traceback (most recent call last):
  File "/teamspace/studios/this_studio/melvin/.venv/lib/python3.12/site-packages/torch/utils/data/_utils/worker.py", line 349, in _worker_loop
    data = fetcher.fetch(index)  # type: ignore[possibly-undefined]
           ^^^^^^^^^^^^^^^^^^^^
  File "/teamspace/studios/this_studio/melvin/.venv/lib/python3.12/site-packages/torch/utils/data/_utils/fetch.py", line 52, in fetch
    data = [self.dataset[idx] for idx in possibly_batched_index]
            ~~~~~~~~~~~~^^^^^
  File "/teamspace/studios/this_studio/melvin/runs/2025-12-01_03-19-59_text-normalization-challenge-english-language/generated_train_script.py", line 119, in __getitem__
    item["id"] = row["id"]
                 ~~~^^^^^^
  File "/teamspace/studios/this_studio/melvin/.venv/lib/python3.12/site-packages/pandas/core/series.py", line 1133, in __getitem__
    return self._get_value(key)
           ^^^^^^^^^^^^^^^^^^^^
  File "/teamspace/studios/this_studio/melvin/.venv/lib/python3.12/site-packages/pandas/core/series.py", line 1249, in _get_value
    loc = self.index.get_loc(label)
          ^^^^^^^^^^^^^^^^^^^^^^^^^
  File "/teamspace/studios/this_studio/melvin/.venv/lib/python3.12/site-packages/pandas/core/indexes/base.py", line 3819, in get_loc
    raise KeyError(key) from err
KeyError: 'id'


[WARN] Process crashed with exit code 1
[WARN] Code Execution Failed. Attempting AI Repair (Attempt 4)...
[INFO] Applied AI Fix. Retrying...
Using device: cuda
Loading and preprocessing data...
Extracting /home/zeus/.cache/mle-bench/data/text-normalization-challenge-english-language/prepared/public/en_train.csv.zip...
Extracting /home/zeus/.cache/mle-bench/data/text-normalization-challenge-english-language/prepared/public/en_test_2.csv.zip...
Extracting /home/zeus/.cache/mle-bench/data/text-normalization-challenge-english-language/prepared/public/en_sample_submission_2.csv.zip...
Added 'id' column to test_df from sample_submission_df.
Original training data size: 8924976
Subsampled training data size: 446249
You are using the default legacy behaviour of the <class 'transformers.models.t5.tokenization_t5.T5Tokenizer'>. This is expected, and simply means that the `legacy` (previous) behavior will be used so nothing changes for you. If you want to use the new behaviour, set `legacy=False`. This should only be set if you understand what it means, and thoroughly read the reason why this was added as explained in https://github.com/huggingface/transformers/pull/24565
Number of training batches: 3487
Number of test batches: 7762
Initializing model...
Starting training...
/teamspace/studios/this_studio/melvin/runs/2025-12-01_03-19-59_text-normalization-challenge-english-language/generated_train_script.py:170: FutureWarning: `torch.cuda.amp.GradScaler(args...)` is deprecated. Please use `torch.amp.GradScaler('cuda', args...)` instead.
  scaler = GradScaler() # For mixed precision training (FP16)
/teamspace/studios/this_studio/melvin/runs/2025-12-01_03-19-59_text-normalization-challenge-english-language/generated_train_script.py:190: FutureWarning: `torch.cuda.amp.autocast(args...)` is deprecated. Please use `torch.amp.autocast('cuda', args...)` instead.
  with autocast(): # Enable mixed precision
Epoch 1/1, Batch 100/3487, Loss: 0.5185
Epoch 1/1, Batch 200/3487, Loss: 0.2379
Epoch 1/1, Batch 300/3487, Loss: 0.4346
Epoch 1/1, Batch 400/3487, Loss: 0.1623
Epoch 1/1, Batch 500/3487, Loss: 0.5113
Epoch 1/1, Batch 600/3487, Loss: 0.0708
Epoch 1/1, Batch 700/3487, Loss: 0.1575
Epoch 1/1, Batch 800/3487, Loss: 0.1445
Epoch 1/1, Batch 900/3487, Loss: 0.0723
Epoch 1/1, Batch 1000/3487, Loss: 0.1718
Epoch 1/1, Batch 1100/3487, Loss: 0.0659
Epoch 1/1, Batch 1200/3487, Loss: 0.1348
Epoch 1/1, Batch 1300/3487, Loss: 0.0954
Epoch 1/1, Batch 1400/3487, Loss: 0.0538
Epoch 1/1, Batch 1500/3487, Loss: 0.1411
Epoch 1/1, Batch 1600/3487, Loss: 0.1276
Epoch 1/1, Batch 1700/3487, Loss: 0.5676
Epoch 1/1, Batch 1800/3487, Loss: 0.0309
Epoch 1/1, Batch 1900/3487, Loss: 0.1629
Epoch 1/1, Batch 2000/3487, Loss: 0.0685
Max steps reached (2000), stopping training for this epoch.
Epoch 1 finished. Average Training Loss: 0.1805
Generating predictions for submission...
The following generation flags are not valid and may be ignored: ['early_stopping']. Set `TRANSFORMERS_VERBOSITY=info` for more details.
Traceback (most recent call last):
  File "/teamspace/studios/this_studio/melvin/agents/run_benchmark.py", line 190, in <module>
    run_benchmark()
  File "/teamspace/studios/this_studio/melvin/agents/run_benchmark.py", line 145, in run_benchmark
    agent.run()
  File "/teamspace/studios/this_studio/melvin/agents/orchestrator.py", line 508, in run
    self.run_training_script(script_path)
  File "/teamspace/studios/this_studio/melvin/agents/orchestrator.py", line 378, in run_training_script
    for line in process.stdout:
                ^^^^^^^^^^^^^^
KeyboardInterrupt
============================================================
STARTING MLE-BENCH LITE EVALUATION
Timestamp: 2025-12-01 08:06:53
Datasets: 5
Seeds per dataset: 3
============================================================


>>> PROCESSING DATASET: the-icml-2013-whale-challenge-right-whale-redux
    Threshold: 0.90521 (max)

--- Running Seed 42 ---
[INFO] Initialized new run. Logs and outputs will be saved to:
       -> /teamspace/studios/this_studio/melvin/runs/2025-12-01_08-06-53_the-icml-2013-whale-challenge-right-whale-redux
[INFO] Using dataset directory:
       -> /home/zeus/.cache/mle-bench/data/the-icml-2013-whale-challenge-right-whale-redux
[INFO] Prepared data already exists. Skipping prepare step.
[INFO] Training script generated.
[INFO] Running training script...
Using device: cpu
Extracting train2.zip to /tmp/tmpgc3gkdpl
Extracting test2.zip to /tmp/tmp9yawh6t8
Traceback (most recent call last):
  File "/teamspace/studios/this_studio/melvin/runs/2025-12-01_08-06-53_the-icml-2013-whale-challenge-right-whale-redux/generated_train_script.py", line 73, in <module>
    train_df = pd.read_csv(os.path.join(DATASET_LOCATION, "train.csv"))
               ^^^^^^^^^^^^^^^^^^^^^^^^^^^^^^^^^^^^^^^^^^^^^^^^^^^^^^^^
  File "/teamspace/studios/this_studio/melvin/.venv/lib/python3.12/site-packages/pandas/io/parsers/readers.py", line 1026, in read_csv
    return _read(filepath_or_buffer, kwds)
           ^^^^^^^^^^^^^^^^^^^^^^^^^^^^^^^
  File "/teamspace/studios/this_studio/melvin/.venv/lib/python3.12/site-packages/pandas/io/parsers/readers.py", line 620, in _read
    parser = TextFileReader(filepath_or_buffer, **kwds)
             ^^^^^^^^^^^^^^^^^^^^^^^^^^^^^^^^^^^^^^^^^^
  File "/teamspace/studios/this_studio/melvin/.venv/lib/python3.12/site-packages/pandas/io/parsers/readers.py", line 1620, in __init__
    self._engine = self._make_engine(f, self.engine)
                   ^^^^^^^^^^^^^^^^^^^^^^^^^^^^^^^^^
  File "/teamspace/studios/this_studio/melvin/.venv/lib/python3.12/site-packages/pandas/io/parsers/readers.py", line 1880, in _make_engine
    self.handles = get_handle(
                   ^^^^^^^^^^^
  File "/teamspace/studios/this_studio/melvin/.venv/lib/python3.12/site-packages/pandas/io/common.py", line 873, in get_handle
    handle = open(
             ^^^^^
FileNotFoundError: [Errno 2] No such file or directory: '/home/zeus/.cache/mle-bench/data/the-icml-2013-whale-challenge-right-whale-redux/prepared/public/train.csv'

[WARN] Process crashed with exit code 1
[WARN] Code Execution Failed. Attempting AI Repair (Attempt 1)...
[INFO] Applied AI Fix. Retrying...
Using device: cpu
Extracting train2.zip to /tmp/tmpe5xgsyic
Extracting test2.zip to /tmp/tmpeh0lxdu8
Traceback (most recent call last):
  File "/teamspace/studios/this_studio/melvin/runs/2025-12-01_08-06-53_the-icml-2013-whale-challenge-right-whale-redux/generated_train_script.py", line 76, in <module>
    train_df = pd.read_csv(os.path.join(temp_train_dir, "train.csv"))
               ^^^^^^^^^^^^^^^^^^^^^^^^^^^^^^^^^^^^^^^^^^^^^^^^^^^^^^
  File "/teamspace/studios/this_studio/melvin/.venv/lib/python3.12/site-packages/pandas/io/parsers/readers.py", line 1026, in read_csv
    return _read(filepath_or_buffer, kwds)
           ^^^^^^^^^^^^^^^^^^^^^^^^^^^^^^^
  File "/teamspace/studios/this_studio/melvin/.venv/lib/python3.12/site-packages/pandas/io/parsers/readers.py", line 620, in _read
    parser = TextFileReader(filepath_or_buffer, **kwds)
             ^^^^^^^^^^^^^^^^^^^^^^^^^^^^^^^^^^^^^^^^^^
  File "/teamspace/studios/this_studio/melvin/.venv/lib/python3.12/site-packages/pandas/io/parsers/readers.py", line 1620, in __init__
    self._engine = self._make_engine(f, self.engine)
                   ^^^^^^^^^^^^^^^^^^^^^^^^^^^^^^^^^
  File "/teamspace/studios/this_studio/melvin/.venv/lib/python3.12/site-packages/pandas/io/parsers/readers.py", line 1880, in _make_engine
    self.handles = get_handle(
                   ^^^^^^^^^^^
  File "/teamspace/studios/this_studio/melvin/.venv/lib/python3.12/site-packages/pandas/io/common.py", line 873, in get_handle
    handle = open(
             ^^^^^
FileNotFoundError: [Errno 2] No such file or directory: '/tmp/tmpe5xgsyic/train.csv'

[WARN] Process crashed with exit code 1
[WARN] Code Execution Failed. Attempting AI Repair (Attempt 2)...
[INFO] Applied AI Fix. Retrying...
Using device: cpu
Extracting train2.zip to /tmp/tmp5qgdxqbt
Extracting test2.zip to /tmp/tmpp_g2g5ig
Traceback (most recent call last):
  File "/teamspace/studios/this_studio/melvin/runs/2025-12-01_08-06-53_the-icml-2013-whale-challenge-right-whale-redux/generated_train_script.py", line 76, in <module>
    train_df = pd.read_csv(os.path.join(temp_train_dir, "train2", "train.csv"))
               ^^^^^^^^^^^^^^^^^^^^^^^^^^^^^^^^^^^^^^^^^^^^^^^^^^^^^^^^^^^^^^^^
  File "/teamspace/studios/this_studio/melvin/.venv/lib/python3.12/site-packages/pandas/io/parsers/readers.py", line 1026, in read_csv
    return _read(filepath_or_buffer, kwds)
           ^^^^^^^^^^^^^^^^^^^^^^^^^^^^^^^
  File "/teamspace/studios/this_studio/melvin/.venv/lib/python3.12/site-packages/pandas/io/parsers/readers.py", line 620, in _read
    parser = TextFileReader(filepath_or_buffer, **kwds)
             ^^^^^^^^^^^^^^^^^^^^^^^^^^^^^^^^^^^^^^^^^^
  File "/teamspace/studios/this_studio/melvin/.venv/lib/python3.12/site-packages/pandas/io/parsers/readers.py", line 1620, in __init__
    self._engine = self._make_engine(f, self.engine)
                   ^^^^^^^^^^^^^^^^^^^^^^^^^^^^^^^^^
  File "/teamspace/studios/this_studio/melvin/.venv/lib/python3.12/site-packages/pandas/io/parsers/readers.py", line 1880, in _make_engine
    self.handles = get_handle(
                   ^^^^^^^^^^^
  File "/teamspace/studios/this_studio/melvin/.venv/lib/python3.12/site-packages/pandas/io/common.py", line 873, in get_handle
    handle = open(
             ^^^^^
FileNotFoundError: [Errno 2] No such file or directory: '/tmp/tmp5qgdxqbt/train2/train.csv'

[WARN] Process crashed with exit code 1
[WARN] Code Execution Failed. Attempting AI Repair (Attempt 3)...
Traceback (most recent call last):
  File "/system/conda/miniconda3/uv/python/cpython-3.12.11-linux-x86_64-gnu/lib/python3.12/asyncio/runners.py", line 118, in run
    return self._loop.run_until_complete(task)
           ^^^^^^^^^^^^^^^^^^^^^^^^^^^^^^^^^^^
  File "/system/conda/miniconda3/uv/python/cpython-3.12.11-linux-x86_64-gnu/lib/python3.12/asyncio/base_events.py", line 691, in run_until_complete
    return future.result()
           ^^^^^^^^^^^^^^^
  File "/teamspace/studios/this_studio/melvin/agents/code_generator.py", line 315, in fix_training_script_llm
    final_state = await graph.ainvoke(
                  ^^^^^^^^^^^^^^^^^^^^
  File "/teamspace/studios/this_studio/melvin/.venv/lib/python3.12/site-packages/langgraph/pregel/main.py", line 3158, in ainvoke
    async for chunk in self.astream(
  File "/teamspace/studios/this_studio/melvin/.venv/lib/python3.12/site-packages/langgraph/pregel/main.py", line 2971, in astream
    async for _ in runner.atick(
  File "/teamspace/studios/this_studio/melvin/.venv/lib/python3.12/site-packages/langgraph/pregel/_runner.py", line 304, in atick
    await arun_with_retry(
  File "/teamspace/studios/this_studio/melvin/.venv/lib/python3.12/site-packages/langgraph/pregel/_retry.py", line 137, in arun_with_retry
    return await task.proc.ainvoke(task.input, config)
           ^^^^^^^^^^^^^^^^^^^^^^^^^^^^^^^^^^^^^^^^^^^
  File "/teamspace/studios/this_studio/melvin/.venv/lib/python3.12/site-packages/langgraph/_internal/_runnable.py", line 705, in ainvoke
    input = await asyncio.create_task(
            ^^^^^^^^^^^^^^^^^^^^^^^^^^
  File "/teamspace/studios/this_studio/melvin/.venv/lib/python3.12/site-packages/langgraph/_internal/_runnable.py", line 473, in ainvoke
    ret = await self.afunc(*args, **kwargs)
          ^^^^^^^^^^^^^^^^^^^^^^^^^^^^^^^^^
  File "/teamspace/studios/this_studio/melvin/.venv/lib/python3.12/site-packages/langchain_core/runnables/config.py", line 603, in run_in_executor
    return await asyncio.get_running_loop().run_in_executor(
           ^^^^^^^^^^^^^^^^^^^^^^^^^^^^^^^^^^^^^^^^^^^^^^^^^
asyncio.exceptions.CancelledError

During handling of the above exception, another exception occurred:

Traceback (most recent call last):
  File "/teamspace/studios/this_studio/melvin/agents/run_benchmark.py", line 196, in <module>
    run_benchmark()
  File "/teamspace/studios/this_studio/melvin/agents/run_benchmark.py", line 151, in run_benchmark
    agent.run()
  File "/teamspace/studios/this_studio/melvin/agents/orchestrator.py", line 524, in run
    self.run_training_script(script_path)
  File "/teamspace/studios/this_studio/melvin/agents/orchestrator.py", line 412, in run_training_script
    fixed_code = asyncio.run(
                 ^^^^^^^^^^^^
  File "/system/conda/miniconda3/uv/python/cpython-3.12.11-linux-x86_64-gnu/lib/python3.12/asyncio/runners.py", line 195, in run
    return runner.run(main)
           ^^^^^^^^^^^^^^^^
  File "/system/conda/miniconda3/uv/python/cpython-3.12.11-linux-x86_64-gnu/lib/python3.12/asyncio/runners.py", line 123, in run
    raise KeyboardInterrupt()
KeyboardInterrupt
============================================================
STARTING MLE-BENCH LITE EVALUATION
Timestamp: 2025-12-01 08:14:13
Datasets: 5
Seeds per dataset: 3
============================================================


>>> PROCESSING DATASET: the-icml-2013-whale-challenge-right-whale-redux
    Threshold: 0.90521 (max)

--- Running Seed 42 ---
[INFO] Initialized new run. Logs and outputs will be saved to:
       -> /teamspace/studios/this_studio/melvin/runs/2025-12-01_08-14-13_the-icml-2013-whale-challenge-right-whale-redux
[INFO] Using dataset directory:
       -> /home/zeus/.cache/mle-bench/data/the-icml-2013-whale-challenge-right-whale-redux
[INFO] Prepared data already exists. Skipping prepare step.
[INFO] Training script generated.
[INFO] Running training script...
Using device: cpu
Loading dataframes...
Traceback (most recent call last):
  File "/teamspace/studios/this_studio/melvin/runs/2025-12-01_08-14-13_the-icml-2013-whale-challenge-right-whale-redux/generated_train_script.py", line 331, in <module>
    main()
  File "/teamspace/studios/this_studio/melvin/runs/2025-12-01_08-14-13_the-icml-2013-whale-challenge-right-whale-redux/generated_train_script.py", line 182, in main
    train_df = pd.read_csv(os.path.join(DATASET_LOCATION, TRAIN_CSV_FILENAME))
               ^^^^^^^^^^^^^^^^^^^^^^^^^^^^^^^^^^^^^^^^^^^^^^^^^^^^^^^^^^^^^^^
  File "/teamspace/studios/this_studio/melvin/.venv/lib/python3.12/site-packages/pandas/io/parsers/readers.py", line 1026, in read_csv
    return _read(filepath_or_buffer, kwds)
           ^^^^^^^^^^^^^^^^^^^^^^^^^^^^^^^
  File "/teamspace/studios/this_studio/melvin/.venv/lib/python3.12/site-packages/pandas/io/parsers/readers.py", line 620, in _read
    parser = TextFileReader(filepath_or_buffer, **kwds)
             ^^^^^^^^^^^^^^^^^^^^^^^^^^^^^^^^^^^^^^^^^^
  File "/teamspace/studios/this_studio/melvin/.venv/lib/python3.12/site-packages/pandas/io/parsers/readers.py", line 1620, in __init__
    self._engine = self._make_engine(f, self.engine)
                   ^^^^^^^^^^^^^^^^^^^^^^^^^^^^^^^^^
  File "/teamspace/studios/this_studio/melvin/.venv/lib/python3.12/site-packages/pandas/io/parsers/readers.py", line 1880, in _make_engine
    self.handles = get_handle(
                   ^^^^^^^^^^^
  File "/teamspace/studios/this_studio/melvin/.venv/lib/python3.12/site-packages/pandas/io/common.py", line 873, in get_handle
    handle = open(
             ^^^^^
FileNotFoundError: [Errno 2] No such file or directory: '/home/zeus/.cache/mle-bench/data/the-icml-2013-whale-challenge-right-whale-redux/prepared/public/train.csv'

[WARN] Process crashed with exit code 1
[WARN] Code Execution Failed. Attempting AI Repair (Attempt 1)...
Traceback (most recent call last):
  File "/system/conda/miniconda3/uv/python/cpython-3.12.11-linux-x86_64-gnu/lib/python3.12/asyncio/runners.py", line 118, in run
    return self._loop.run_until_complete(task)
           ^^^^^^^^^^^^^^^^^^^^^^^^^^^^^^^^^^^
  File "/system/conda/miniconda3/uv/python/cpython-3.12.11-linux-x86_64-gnu/lib/python3.12/asyncio/base_events.py", line 691, in run_until_complete
    return future.result()
           ^^^^^^^^^^^^^^^
  File "/teamspace/studios/this_studio/melvin/agents/code_generator.py", line 350, in fix_training_script_llm
    final_state = await graph.ainvoke(
                  ^^^^^^^^^^^^^^^^^^^^
  File "/teamspace/studios/this_studio/melvin/.venv/lib/python3.12/site-packages/langgraph/pregel/main.py", line 3158, in ainvoke
    async for chunk in self.astream(
  File "/teamspace/studios/this_studio/melvin/.venv/lib/python3.12/site-packages/langgraph/pregel/main.py", line 2971, in astream
    async for _ in runner.atick(
  File "/teamspace/studios/this_studio/melvin/.venv/lib/python3.12/site-packages/langgraph/pregel/_runner.py", line 304, in atick
    await arun_with_retry(
  File "/teamspace/studios/this_studio/melvin/.venv/lib/python3.12/site-packages/langgraph/pregel/_retry.py", line 137, in arun_with_retry
    return await task.proc.ainvoke(task.input, config)
           ^^^^^^^^^^^^^^^^^^^^^^^^^^^^^^^^^^^^^^^^^^^
  File "/teamspace/studios/this_studio/melvin/.venv/lib/python3.12/site-packages/langgraph/_internal/_runnable.py", line 705, in ainvoke
    input = await asyncio.create_task(
            ^^^^^^^^^^^^^^^^^^^^^^^^^^
  File "/teamspace/studios/this_studio/melvin/.venv/lib/python3.12/site-packages/langgraph/_internal/_runnable.py", line 473, in ainvoke
    ret = await self.afunc(*args, **kwargs)
          ^^^^^^^^^^^^^^^^^^^^^^^^^^^^^^^^^
  File "/teamspace/studios/this_studio/melvin/.venv/lib/python3.12/site-packages/langchain_core/runnables/config.py", line 603, in run_in_executor
    return await asyncio.get_running_loop().run_in_executor(
           ^^^^^^^^^^^^^^^^^^^^^^^^^^^^^^^^^^^^^^^^^^^^^^^^^
asyncio.exceptions.CancelledError

During handling of the above exception, another exception occurred:

Traceback (most recent call last):
  File "/system/conda/miniconda3/uv/python/cpython-3.12.11-linux-x86_64-gnu/lib/python3.12/asyncio/runners.py", line 195, in run
    return runner.run(main)
           ^^^^^^^^^^^^^^^^
  File "/system/conda/miniconda3/uv/python/cpython-3.12.11-linux-x86_64-gnu/lib/python3.12/asyncio/runners.py", line 123, in run
    raise KeyboardInterrupt()
KeyboardInterrupt

During handling of the above exception, another exception occurred:

Traceback (most recent call last):
  File "/teamspace/studios/this_studio/melvin/agents/run_benchmark.py", line 196, in <module>
    run_benchmark()
  File "/teamspace/studios/this_studio/melvin/agents/run_benchmark.py", line 151, in run_benchmark
    agent.run()
  File "/teamspace/studios/this_studio/melvin/agents/orchestrator.py", line 524, in run
    self.run_training_script(script_path)
  File "/teamspace/studios/this_studio/melvin/agents/orchestrator.py", line 412, in run_training_script
    fixed_code = asyncio.run(
                 ^^^^^^^^^^^^
  File "/system/conda/miniconda3/uv/python/cpython-3.12.11-linux-x86_64-gnu/lib/python3.12/asyncio/runners.py", line 194, in run
    with Runner(debug=debug, loop_factory=loop_factory) as runner:
         ^^^^^^^^^^^^^^^^^^^^^^^^^^^^^^^^^^^^^^^^^^^^^^
  File "/system/conda/miniconda3/uv/python/cpython-3.12.11-linux-x86_64-gnu/lib/python3.12/asyncio/runners.py", line 62, in __exit__
    self.close()
  File "/system/conda/miniconda3/uv/python/cpython-3.12.11-linux-x86_64-gnu/lib/python3.12/asyncio/runners.py", line 72, in close
    loop.run_until_complete(
  File "/system/conda/miniconda3/uv/python/cpython-3.12.11-linux-x86_64-gnu/lib/python3.12/asyncio/base_events.py", line 678, in run_until_complete
    self.run_forever()
  File "/system/conda/miniconda3/uv/python/cpython-3.12.11-linux-x86_64-gnu/lib/python3.12/asyncio/base_events.py", line 645, in run_forever
    self._run_once()
  File "/system/conda/miniconda3/uv/python/cpython-3.12.11-linux-x86_64-gnu/lib/python3.12/asyncio/base_events.py", line 1961, in _run_once
    event_list = self._selector.select(timeout)
                 ^^^^^^^^^^^^^^^^^^^^^^^^^^^^^^
  File "/system/conda/miniconda3/uv/python/cpython-3.12.11-linux-x86_64-gnu/lib/python3.12/selectors.py", line 468, in select
    fd_event_list = self._selector.poll(timeout, max_ev)
                    ^^^^^^^^^^^^^^^^^^^^^^^^^^^^^^^^^^^^
KeyboardInterrupt
Exception ignored in: <module 'threading' from '/system/conda/miniconda3/uv/python/cpython-3.12.11-linux-x86_64-gnu/lib/python3.12/threading.py'>
Traceback (most recent call last):
  File "/system/conda/miniconda3/uv/python/cpython-3.12.11-linux-x86_64-gnu/lib/python3.12/threading.py", line 1594, in _shutdown
    atexit_call()
  File "/system/conda/miniconda3/uv/python/cpython-3.12.11-linux-x86_64-gnu/lib/python3.12/concurrent/futures/thread.py", line 31, in _python_exit
    t.join()
  File "/system/conda/miniconda3/uv/python/cpython-3.12.11-linux-x86_64-gnu/lib/python3.12/threading.py", line 1149, in join
    self._wait_for_tstate_lock()
  File "/system/conda/miniconda3/uv/python/cpython-3.12.11-linux-x86_64-gnu/lib/python3.12/threading.py", line 1169, in _wait_for_tstate_lock
    if lock.acquire(block, timeout):
       ^^^^^^^^^^^^^^^^^^^^^^^^^^^^
KeyboardInterrupt: 
